Added Component: Designator=C1(A_3216)
Added Component: Designator=C2(0603_cap)
Added Component: Designator=C3(A_3216)
Added Component: Designator=C4(0603_cap)
Added Component: Designator=C5(A_3216)
Added Component: Designator=C6(0603_cap)
Added Component: Designator=C7(0603_cap)
Added Component: Designator=C8(0603_cap)
Added Component: Designator=C9(0603_cap)
Added Component: Designator=C10(0603_cap)
Added Component: Designator=C11(0603_cap)
Added Component: Designator=C12(0603_cap)
Added Component: Designator=C13(0603P)
Added Component: Designator=C14(0603P)
Added Component: Designator=D1(IN5822)
Added Component: Designator=D2(0805_LED)
Added Component: Designator=D3(0805_LED)
Added Component: Designator=K1(KEY2)
Added Component: Designator=K2(KEY_SMD)
Added Component: Designator=K3(KEY_SMD)
Added Component: Designator=P1(source)
Added Component: Designator=P2(HDR1X4)
Added Component: Designator=P3(HDR1X2)
Added Component: Designator=P4(HDR1X2)
Added Component: Designator=P5(HDR1X2)
Added Component: Designator=P6(HDR2X3)
Added Component: Designator=Q1(SOT-23R)
Added Component: Designator=R1(1206)
Added Component: Designator=R2(0603)
Added Component: Designator=R3(0603)
Added Component: Designator=R4(0603)
Added Component: Designator=R5(0603)
Added Component: Designator=R6(0603)
Added Component: Designator=R7(0603)
Added Component: Designator=R8(0603)
Added Component: Designator=U1(DIP3)
Added Component: Designator=U2(LC-SOP-16_150mil)
Added Component: Designator=U3(LC-SOP-16_150mil)
Added Component: Designator=U4(SOT223)
Added Component: Designator=U5(SOT223)
Added Component: Designator=U6(LC-TSSOP-20)
Added Component: Designator=U7(SOP16M)
Added Component: Designator=U8(USB_B)
Added Component: Designator=Y1(XTAL_US)
Added Pin To Net: NetName=A Pin=U1-11
Added Pin To Net: NetName=A Pin=U3-15
Added Net: Name=A
Added Pin To Net: NetName=B Pin=U1-7
Added Pin To Net: NetName=B Pin=U3-1
Added Net: Name=B
Added Pin To Net: NetName=C Pin=U1-4
Added Pin To Net: NetName=C Pin=U3-2
Added Net: Name=C
Added Pin To Net: NetName=D3V0 Pin=U2-10
Added Net: Name=D3V0
Added Pin To Net: NetName=D3V3 Pin=C5-1
Added Pin To Net: NetName=D3V3 Pin=C6-2
Added Pin To Net: NetName=D3V3 Pin=C12-2
Added Pin To Net: NetName=D3V3 Pin=P2-1
Added Pin To Net: NetName=D3V3 Pin=P6-1
Added Pin To Net: NetName=D3V3 Pin=R2-2
Added Pin To Net: NetName=D3V3 Pin=R3-2
Added Pin To Net: NetName=D3V3 Pin=R4-2
Added Pin To Net: NetName=D3V3 Pin=R5-2
Added Pin To Net: NetName=D3V3 Pin=R6-2
Added Pin To Net: NetName=D3V3 Pin=R7-2
Added Pin To Net: NetName=D3V3 Pin=R8-2
Added Pin To Net: NetName=D3V3 Pin=U2-16
Added Pin To Net: NetName=D3V3 Pin=U3-10
Added Pin To Net: NetName=D3V3 Pin=U3-16
Added Pin To Net: NetName=D3V3 Pin=U5-2
Added Pin To Net: NetName=D3V3 Pin=U5-2
Added Pin To Net: NetName=D3V3 Pin=U6-8
Added Net: Name=D3V3
Added Pin To Net: NetName=D12V0 Pin=C1-1
Added Pin To Net: NetName=D12V0 Pin=C2-2
Added Pin To Net: NetName=D12V0 Pin=P3-1
Added Pin To Net: NetName=D12V0 Pin=R1-2
Added Pin To Net: NetName=D12V0 Pin=U4-3
Added Net: Name=D12V0
Added Pin To Net: NetName=DIG0 Pin=U1-8
Added Pin To Net: NetName=DIG0 Pin=U2-15
Added Net: Name=DIG0
Added Pin To Net: NetName=DIG1 Pin=U1-9
Added Pin To Net: NetName=DIG1 Pin=U2-1
Added Net: Name=DIG1
Added Pin To Net: NetName=DIG2 Pin=U1-12
Added Pin To Net: NetName=DIG2 Pin=U2-2
Added Net: Name=DIG2
Added Pin To Net: NetName=DIO Pin=U2-14
Added Pin To Net: NetName=DIO Pin=U6-13
Added Net: Name=DIO
Added Pin To Net: NetName=D Pin=U1-2
Added Pin To Net: NetName=D Pin=U3-3
Added Net: Name=D
Added Pin To Net: NetName=E Pin=U1-1
Added Pin To Net: NetName=E Pin=U3-4
Added Net: Name=E
Added Pin To Net: NetName=F Pin=U1-10
Added Pin To Net: NetName=F Pin=U3-5
Added Net: Name=F
Added Pin To Net: NetName=GND Pin=C1-2
Added Pin To Net: NetName=GND Pin=C2-1
Added Pin To Net: NetName=GND Pin=C3-2
Added Pin To Net: NetName=GND Pin=C4-1
Added Pin To Net: NetName=GND Pin=C5-2
Added Pin To Net: NetName=GND Pin=C6-1
Added Pin To Net: NetName=GND Pin=C7-1
Added Pin To Net: NetName=GND Pin=C8-1
Added Pin To Net: NetName=GND Pin=C9-1
Added Pin To Net: NetName=GND Pin=C10-2
Added Pin To Net: NetName=GND Pin=C11-1
Added Pin To Net: NetName=GND Pin=C12-1
Added Pin To Net: NetName=GND Pin=C13-1
Added Pin To Net: NetName=GND Pin=C14-1
Added Pin To Net: NetName=GND Pin=K1-1
Added Pin To Net: NetName=GND Pin=K2-1
Added Pin To Net: NetName=GND Pin=K2-1
Added Pin To Net: NetName=GND Pin=K3-1
Added Pin To Net: NetName=GND Pin=K3-1
Added Pin To Net: NetName=GND Pin=P1-2
Added Pin To Net: NetName=GND Pin=P1-3
Added Pin To Net: NetName=GND Pin=P2-3
Added Pin To Net: NetName=GND Pin=P4-2
Added Pin To Net: NetName=GND Pin=P5-2
Added Pin To Net: NetName=GND Pin=P6-2
Added Pin To Net: NetName=GND Pin=Q1-1
Added Pin To Net: NetName=GND Pin=U2-8
Added Pin To Net: NetName=GND Pin=U2-13
Added Pin To Net: NetName=GND Pin=U3-8
Added Pin To Net: NetName=GND Pin=U3-13
Added Pin To Net: NetName=GND Pin=U4-1
Added Pin To Net: NetName=GND Pin=U5-1
Added Pin To Net: NetName=GND Pin=U6-7
Added Pin To Net: NetName=GND Pin=U7-1
Added Pin To Net: NetName=GND Pin=U8-4
Added Pin To Net: NetName=GND Pin=U8-5
Added Pin To Net: NetName=GND Pin=U8-6
Added Net: Name=GND
Added Pin To Net: NetName=G Pin=U1-5
Added Pin To Net: NetName=G Pin=U3-6
Added Net: Name=G
Added Pin To Net: NetName=H Pin=U1-3
Added Pin To Net: NetName=H Pin=U3-7
Added Net: Name=H
Added Pin To Net: NetName=KEY1 Pin=C8-2
Added Pin To Net: NetName=KEY1 Pin=K2-2
Added Pin To Net: NetName=KEY1 Pin=K2-2
Added Pin To Net: NetName=KEY1 Pin=R3-1
Added Pin To Net: NetName=KEY1 Pin=U6-11
Added Net: Name=KEY1
Added Pin To Net: NetName=KEY2 Pin=C9-2
Added Pin To Net: NetName=KEY2 Pin=K3-2
Added Pin To Net: NetName=KEY2 Pin=K3-2
Added Pin To Net: NetName=KEY2 Pin=R4-1
Added Pin To Net: NetName=KEY2 Pin=U6-12
Added Net: Name=KEY2
Added Pin To Net: NetName=LED0 Pin=D2-2
Added Pin To Net: NetName=LED0 Pin=U6-5
Added Net: Name=LED0
Added Pin To Net: NetName=LED1 Pin=D3-2
Added Pin To Net: NetName=LED1 Pin=U6-6
Added Net: Name=LED1
Added Pin To Net: NetName=NetC3_1 Pin=C3-1
Added Pin To Net: NetName=NetC3_1 Pin=C4-2
Added Pin To Net: NetName=NetC3_1 Pin=U4-2
Added Pin To Net: NetName=NetC3_1 Pin=U4-2
Added Pin To Net: NetName=NetC3_1 Pin=U5-3
Added Net: Name=NetC3_1
Added Pin To Net: NetName=NetC11_2 Pin=C11-2
Added Pin To Net: NetName=NetC11_2 Pin=U7-4
Added Net: Name=NetC11_2
Added Pin To Net: NetName=NetC13_2 Pin=C13-2
Added Pin To Net: NetName=NetC13_2 Pin=U7-7
Added Pin To Net: NetName=NetC13_2 Pin=Y1-1
Added Net: Name=NetC13_2
Added Pin To Net: NetName=NetC14_2 Pin=C14-2
Added Pin To Net: NetName=NetC14_2 Pin=U7-8
Added Pin To Net: NetName=NetC14_2 Pin=Y1-2
Added Net: Name=NetC14_2
Added Pin To Net: NetName=NetD1_1 Pin=D1-1
Added Pin To Net: NetName=NetD1_1 Pin=P3-2
Added Net: Name=NetD1_1
Added Pin To Net: NetName=NetD1_2 Pin=D1-2
Added Pin To Net: NetName=NetD1_2 Pin=Q1-3
Added Net: Name=NetD1_2
Added Pin To Net: NetName=NetD2_1 Pin=D2-1
Added Pin To Net: NetName=NetD2_1 Pin=R7-1
Added Net: Name=NetD2_1
Added Pin To Net: NetName=NetD3_1 Pin=D3-1
Added Pin To Net: NetName=NetD3_1 Pin=R8-1
Added Net: Name=NetD3_1
Added Pin To Net: NetName=NetP1_1 Pin=P1-1
Added Pin To Net: NetName=NetP1_1 Pin=R1-1
Added Net: Name=NetP1_1
Added Pin To Net: NetName=NetU2_9 Pin=U2-9
Added Pin To Net: NetName=NetU2_9 Pin=U3-14
Added Net: Name=NetU2_9
Added Pin To Net: NetName=NetU7_5 Pin=U7-5
Added Pin To Net: NetName=NetU7_5 Pin=U8-3
Added Net: Name=NetU7_5
Added Pin To Net: NetName=NetU7_6 Pin=U7-6
Added Pin To Net: NetName=NetU7_6 Pin=U8-2
Added Net: Name=NetU7_6
Added Pin To Net: NetName=PB6 Pin=P6-3
Added Pin To Net: NetName=PB6 Pin=U6-16
Added Net: Name=PB6
Added Pin To Net: NetName=PB7 Pin=P6-4
Added Pin To Net: NetName=PB7 Pin=U6-17
Added Net: Name=PB7
Added Pin To Net: NetName=PC0 Pin=P6-5
Added Pin To Net: NetName=PC0 Pin=U6-18
Added Net: Name=PC0
Added Pin To Net: NetName=PC1 Pin=P6-6
Added Pin To Net: NetName=PC1 Pin=U6-19
Added Net: Name=PC1
Added Pin To Net: NetName=PD0 Pin=Q1-2
Added Pin To Net: NetName=PD0 Pin=U6-9
Added Net: Name=PD0
Added Pin To Net: NetName=RCLK Pin=U2-12
Added Pin To Net: NetName=RCLK Pin=U3-12
Added Pin To Net: NetName=RCLK Pin=U6-14
Added Net: Name=RCLK
Added Pin To Net: NetName=RESET Pin=C7-2
Added Pin To Net: NetName=RESET Pin=K1-2
Added Pin To Net: NetName=RESET Pin=P2-4
Added Pin To Net: NetName=RESET Pin=R2-1
Added Pin To Net: NetName=RESET Pin=U6-4
Added Net: Name=RESET
Added Pin To Net: NetName=SCLK Pin=U2-11
Added Pin To Net: NetName=SCLK Pin=U3-11
Added Pin To Net: NetName=SCLK Pin=U6-15
Added Net: Name=SCLK
Added Pin To Net: NetName=SWIM Pin=P2-2
Added Pin To Net: NetName=SWIM Pin=U6-3
Added Net: Name=SWIM
Added Pin To Net: NetName=TEMP1 Pin=P4-1
Added Pin To Net: NetName=TEMP1 Pin=R5-1
Added Pin To Net: NetName=TEMP1 Pin=U6-10
Added Net: Name=TEMP1
Added Pin To Net: NetName=TEMP2 Pin=P5-1
Added Pin To Net: NetName=TEMP2 Pin=R6-1
Added Pin To Net: NetName=TEMP2 Pin=U6-20
Added Net: Name=TEMP2
Added Pin To Net: NetName=URXD Pin=U6-2
Added Pin To Net: NetName=URXD Pin=U7-2
Added Net: Name=URXD
Added Pin To Net: NetName=USBD5V0 Pin=C10-1
Added Pin To Net: NetName=USBD5V0 Pin=U7-16
Added Pin To Net: NetName=USBD5V0 Pin=U8-1
Added Net: Name=USBD5V0
Added Pin To Net: NetName=UTXD Pin=U6-1
Added Pin To Net: NetName=UTXD Pin=U7-3
Added Net: Name=UTXD
Added Class: Name=ÏÔÊ¾
Added Class: Name=ÎÂ¿Ø
Added Room: Name=ÏÔÊ¾
Added Room: Name=ÎÂ¿Ø
